<?xml version="1.0" encoding="UTF-8"?>
<coverage generated="1605578341757" clover="3.2.0">
  <project timestamp="1605578341757" name="All files">
    <metrics statements="61" coveredstatements="61" conditionals="25" coveredconditionals="25" methods="5" coveredmethods="5" elements="91" coveredelements="91" complexity="0" loc="61" ncloc="61" packages="1" files="1" classes="1"/>
    <file name="index.js" path="/Users/danielamaral/MyDev/RomanNumerals/index.js">
      <metrics statements="61" coveredstatements="61" conditionals="25" coveredconditionals="25" methods="5" coveredmethods="5"/>
      <line num="1" count="1" type="stmt"/>
      <line num="16" count="1" type="stmt"/>
      <line num="17" count="1" type="stmt"/>
      <line num="20" count="39" type="cond" truecount="5" falsecount="0"/>
      <line num="21" count="3" type="stmt"/>
      <line num="23" count="36" type="cond" truecount="4" falsecount="0"/>
      <line num="24" count="2" type="stmt"/>
      <line num="28" count="34" type="cond" truecount="2" falsecount="0"/>
      <line num="29" count="20" type="cond" truecount="2" falsecount="0"/>
      <line num="30" count="2" type="stmt"/>
      <line num="32" count="18" type="stmt"/>
      <line num="33" count="18" type="stmt"/>
      <line num="34" count="18" type="stmt"/>
      <line num="35" count="18" type="stmt"/>
      <line num="36" count="18" type="stmt"/>
      <line num="37" count="18" type="stmt"/>
      <line num="39" count="18" type="stmt"/>
      <line num="40" count="62" type="stmt"/>
      <line num="42" count="62" type="cond" truecount="2" falsecount="0"/>
      <line num="43" count="44" type="cond" truecount="2" falsecount="0"/>
      <line num="44" count="26" type="stmt"/>
      <line num="46" count="26" type="cond" truecount="2" falsecount="0"/>
      <line num="47" count="4" type="stmt"/>
      <line num="50" count="18" type="stmt"/>
      <line num="51" count="18" type="stmt"/>
      <line num="54" count="58" type="cond" truecount="2" falsecount="0"/>
      <line num="55" count="47" type="stmt"/>
      <line num="56" count="47" type="stmt"/>
      <line num="57" count="47" type="stmt"/>
      <line num="58" count="47" type="stmt"/>
      <line num="59" count="47" type="stmt"/>
      <line num="61" count="47" type="cond" truecount="2" falsecount="0"/>
      <line num="62" count="39" type="stmt"/>
      <line num="63" count="39" type="stmt"/>
      <line num="65" count="8" type="stmt"/>
      <line num="66" count="8" type="stmt"/>
      <line num="69" count="11" type="stmt"/>
      <line num="70" count="11" type="stmt"/>
      <line num="72" count="11" type="stmt"/>
      <line num="73" count="11" type="stmt"/>
      <line num="77" count="14" type="stmt"/>
      <line num="78" count="13" type="stmt"/>
      <line num="79" count="1" type="stmt"/>
      <line num="81" count="14" type="stmt"/>
      <line num="85" count="14" type="stmt"/>
      <line num="86" count="14" type="stmt"/>
      <line num="87" count="14" type="stmt"/>
      <line num="89" count="14" type="stmt"/>
      <line num="90" count="157" type="stmt"/>
      <line num="91" count="157" type="stmt"/>
      <line num="92" count="157" type="stmt"/>
      <line num="94" count="157" type="cond" truecount="2" falsecount="0"/>
      <line num="95" count="26" type="stmt"/>
      <line num="96" count="26" type="stmt"/>
      <line num="97" count="26" type="stmt"/>
      <line num="99" count="131" type="stmt"/>
      <line num="102" count="14" type="stmt"/>
      <line num="103" count="1" type="stmt"/>
      <line num="104" count="13" type="stmt"/>
      <line num="106" count="14" type="stmt"/>
      <line num="123" count="1" type="stmt"/>
    </file>
  </project>
</coverage>
