{"/Users/danielamaral/MyDev/RomanNumerals/index.js": {"path":"/Users/danielamaral/MyDev/RomanNumerals/index.js","statementMap":{"0":{"start":{"line":1,"column":21},"end":{"line":15,"column":1}},"1":{"start":{"line":16,"column":22},"end":{"line":16,"column":76}},"2":{"start":{"line":17,"column":18},"end":{"line":17,"column":22}},"3":{"start":{"line":20,"column":2},"end":{"line":22,"column":3}},"4":{"start":{"line":21,"column":4},"end":{"line":21,"column":38}},"5":{"start":{"line":23,"column":2},"end":{"line":25,"column":3}},"6":{"start":{"line":24,"column":4},"end":{"line":24,"column":37}},"7":{"start":{"line":28,"column":2},"end":{"line":107,"column":3}},"8":{"start":{"line":29,"column":4},"end":{"line":82,"column":5}},"9":{"start":{"line":30,"column":6},"end":{"line":30,"column":40}},"10":{"start":{"line":32,"column":25},"end":{"line":32,"column":26}},"11":{"start":{"line":32,"column":37},"end":{"line":32,"column":38}},"12":{"start":{"line":33,"column":22},"end":{"line":33,"column":34}},"13":{"start":{"line":34,"column":35},"end":{"line":34,"column":50}},"14":{"start":{"line":35,"column":29},"end":{"line":35,"column":31}},"15":{"start":{"line":36,"column":26},"end":{"line":36,"column":49}},"16":{"start":{"line":37,"column":27},"end":{"line":37,"column":28}},"17":{"start":{"line":39,"column":6},"end":{"line":75,"column":7}},"18":{"start":{"line":40,"column":8},"end":{"line":40,"column":62}},"19":{"start":{"line":42,"column":8},"end":{"line":53,"column":9}},"20":{"start":{"line":43,"column":10},"end":{"line":52,"column":11}},"21":{"start":{"line":44,"column":12},"end":{"line":44,"column":29}},"22":{"start":{"line":46,"column":12},"end":{"line":48,"column":13}},"23":{"start":{"line":47,"column":14},"end":{"line":47,"column":48}},"24":{"start":{"line":50,"column":12},"end":{"line":50,"column":45}},"25":{"start":{"line":51,"column":12},"end":{"line":51,"column":31}},"26":{"start":{"line":54,"column":8},"end":{"line":74,"column":9}},"27":{"start":{"line":55,"column":40},"end":{"line":55,"column":78}},"28":{"start":{"line":56,"column":30},"end":{"line":56,"column":68}},"29":{"start":{"line":57,"column":37},"end":{"line":57,"column":72}},"30":{"start":{"line":58,"column":36},"end":{"line":58,"column":74}},"31":{"start":{"line":59,"column":33},"end":{"line":59,"column":68}},"32":{"start":{"line":61,"column":10},"end":{"line":67,"column":11}},"33":{"start":{"line":62,"column":12},"end":{"line":62,"column":42}},"34":{"start":{"line":63,"column":12},"end":{"line":63,"column":27}},"35":{"start":{"line":65,"column":12},"end":{"line":65,"column":61}},"36":{"start":{"line":66,"column":12},"end":{"line":66,"column":30}},"37":{"start":{"line":69,"column":40},"end":{"line":69,"column":78}},"38":{"start":{"line":70,"column":36},"end":{"line":70,"column":74}},"39":{"start":{"line":72,"column":10},"end":{"line":72,"column":40}},"40":{"start":{"line":73,"column":10},"end":{"line":73,"column":25}},"41":{"start":{"line":77,"column":25},"end":{"line":80,"column":7}},"42":{"start":{"line":78,"column":21},"end":{"line":78,"column":27}},"43":{"start":{"line":79,"column":24},"end":{"line":79,"column":29}},"44":{"start":{"line":81,"column":6},"end":{"line":81,"column":26}},"45":{"start":{"line":85,"column":26},"end":{"line":85,"column":31}},"46":{"start":{"line":86,"column":23},"end":{"line":86,"column":24}},"47":{"start":{"line":86,"column":37},"end":{"line":86,"column":38}},"48":{"start":{"line":86,"column":47},"end":{"line":86,"column":48}},"49":{"start":{"line":87,"column":17},"end":{"line":87,"column":19}},"50":{"start":{"line":89,"column":4},"end":{"line":101,"column":5}},"51":{"start":{"line":90,"column":32},"end":{"line":90,"column":59}},"52":{"start":{"line":91,"column":6},"end":{"line":91,"column":67}},"53":{"start":{"line":92,"column":6},"end":{"line":92,"column":51}},"54":{"start":{"line":94,"column":6},"end":{"line":100,"column":7}},"55":{"start":{"line":95,"column":8},"end":{"line":95,"column":65}},"56":{"start":{"line":96,"column":8},"end":{"line":96,"column":31}},"57":{"start":{"line":97,"column":8},"end":{"line":97,"column":23}},"58":{"start":{"line":99,"column":8},"end":{"line":99,"column":23}},"59":{"start":{"line":102,"column":23},"end":{"line":105,"column":5}},"60":{"start":{"line":103,"column":19},"end":{"line":103,"column":24}},"61":{"start":{"line":104,"column":22},"end":{"line":104,"column":37}},"62":{"start":{"line":106,"column":4},"end":{"line":106,"column":24}},"63":{"start":{"line":123,"column":0},"end":{"line":125,"column":2}}},"fnMap":{"0":{"name":"RomanNumber","decl":{"start":{"line":19,"column":9},"end":{"line":19,"column":20}},"loc":{"start":{"line":19,"column":28},"end":{"line":108,"column":1}},"line":19},"1":{"name":"(anonymous_1)","decl":{"start":{"line":78,"column":15},"end":{"line":78,"column":16}},"loc":{"start":{"line":78,"column":21},"end":{"line":78,"column":27}},"line":78},"2":{"name":"(anonymous_2)","decl":{"start":{"line":79,"column":18},"end":{"line":79,"column":19}},"loc":{"start":{"line":79,"column":24},"end":{"line":79,"column":29}},"line":79},"3":{"name":"(anonymous_3)","decl":{"start":{"line":103,"column":13},"end":{"line":103,"column":14}},"loc":{"start":{"line":103,"column":19},"end":{"line":103,"column":24}},"line":103},"4":{"name":"(anonymous_4)","decl":{"start":{"line":104,"column":16},"end":{"line":104,"column":17}},"loc":{"start":{"line":104,"column":22},"end":{"line":104,"column":37}},"line":104}},"branchMap":{"0":{"loc":{"start":{"line":20,"column":2},"end":{"line":22,"column":3}},"type":"if","locations":[{"start":{"line":20,"column":2},"end":{"line":22,"column":3}},{"start":{"line":20,"column":2},"end":{"line":22,"column":3}}],"line":20},"1":{"loc":{"start":{"line":20,"column":6},"end":{"line":20,"column":57}},"type":"binary-expr","locations":[{"start":{"line":20,"column":6},"end":{"line":20,"column":20}},{"start":{"line":20,"column":24},"end":{"line":20,"column":36}},{"start":{"line":20,"column":40},"end":{"line":20,"column":57}}],"line":20},"2":{"loc":{"start":{"line":23,"column":2},"end":{"line":25,"column":3}},"type":"if","locations":[{"start":{"line":23,"column":2},"end":{"line":25,"column":3}},{"start":{"line":23,"column":2},"end":{"line":25,"column":3}}],"line":23},"3":{"loc":{"start":{"line":23,"column":6},"end":{"line":23,"column":31}},"type":"binary-expr","locations":[{"start":{"line":23,"column":6},"end":{"line":23,"column":15}},{"start":{"line":23,"column":19},"end":{"line":23,"column":31}}],"line":23},"4":{"loc":{"start":{"line":28,"column":2},"end":{"line":107,"column":3}},"type":"if","locations":[{"start":{"line":28,"column":2},"end":{"line":107,"column":3}},{"start":{"line":28,"column":2},"end":{"line":107,"column":3}}],"line":28},"5":{"loc":{"start":{"line":29,"column":4},"end":{"line":82,"column":5}},"type":"if","locations":[{"start":{"line":29,"column":4},"end":{"line":82,"column":5}},{"start":{"line":29,"column":4},"end":{"line":82,"column":5}}],"line":29},"6":{"loc":{"start":{"line":42,"column":8},"end":{"line":53,"column":9}},"type":"if","locations":[{"start":{"line":42,"column":8},"end":{"line":53,"column":9}},{"start":{"line":42,"column":8},"end":{"line":53,"column":9}}],"line":42},"7":{"loc":{"start":{"line":43,"column":10},"end":{"line":52,"column":11}},"type":"if","locations":[{"start":{"line":43,"column":10},"end":{"line":52,"column":11}},{"start":{"line":43,"column":10},"end":{"line":52,"column":11}}],"line":43},"8":{"loc":{"start":{"line":46,"column":12},"end":{"line":48,"column":13}},"type":"if","locations":[{"start":{"line":46,"column":12},"end":{"line":48,"column":13}},{"start":{"line":46,"column":12},"end":{"line":48,"column":13}}],"line":46},"9":{"loc":{"start":{"line":54,"column":8},"end":{"line":74,"column":9}},"type":"if","locations":[{"start":{"line":54,"column":8},"end":{"line":74,"column":9}},{"start":{"line":54,"column":8},"end":{"line":74,"column":9}}],"line":54},"10":{"loc":{"start":{"line":61,"column":10},"end":{"line":67,"column":11}},"type":"if","locations":[{"start":{"line":61,"column":10},"end":{"line":67,"column":11}},{"start":{"line":61,"column":10},"end":{"line":67,"column":11}}],"line":61},"11":{"loc":{"start":{"line":94,"column":6},"end":{"line":100,"column":7}},"type":"if","locations":[{"start":{"line":94,"column":6},"end":{"line":100,"column":7}},{"start":{"line":94,"column":6},"end":{"line":100,"column":7}}],"line":94}},"s":{"0":1,"1":1,"2":1,"3":39,"4":3,"5":36,"6":2,"7":34,"8":20,"9":2,"10":18,"11":18,"12":18,"13":18,"14":18,"15":18,"16":18,"17":18,"18":62,"19":62,"20":44,"21":26,"22":26,"23":4,"24":18,"25":18,"26":58,"27":47,"28":47,"29":47,"30":47,"31":47,"32":47,"33":39,"34":39,"35":8,"36":8,"37":11,"38":11,"39":11,"40":11,"41":14,"42":13,"43":1,"44":14,"45":14,"46":14,"47":14,"48":14,"49":14,"50":14,"51":157,"52":157,"53":157,"54":157,"55":26,"56":26,"57":26,"58":131,"59":14,"60":1,"61":13,"62":14,"63":1},"f":{"0":39,"1":13,"2":1,"3":1,"4":13},"b":{"0":[3,36],"1":[39,38,37],"2":[2,34],"3":[36,35],"4":[20,14],"5":[2,18],"6":[44,18],"7":[26,18],"8":[4,22],"9":[47,11],"10":[39,8],"11":[26,131]},"_coverageSchema":"1a1c01bbd47fc00a2c39e90264f33305004495a9","hash":"30b1a1cf683f18aaf735d87ab12c0144a4e52893"}
}
