TN:
SF:index.js
FN:19,RomanNumber
FN:78,(anonymous_1)
FN:79,(anonymous_2)
FN:103,(anonymous_3)
FN:104,(anonymous_4)
FNF:5
FNH:5
FNDA:39,RomanNumber
FNDA:13,(anonymous_1)
FNDA:1,(anonymous_2)
FNDA:1,(anonymous_3)
FNDA:13,(anonymous_4)
DA:1,1
DA:16,1
DA:17,1
DA:20,39
DA:21,3
DA:23,36
DA:24,2
DA:28,34
DA:29,20
DA:30,2
DA:32,18
DA:33,18
DA:34,18
DA:35,18
DA:36,18
DA:37,18
DA:39,18
DA:40,62
DA:42,62
DA:43,44
DA:44,26
DA:46,26
DA:47,4
DA:50,18
DA:51,18
DA:54,58
DA:55,47
DA:56,47
DA:57,47
DA:58,47
DA:59,47
DA:61,47
DA:62,39
DA:63,39
DA:65,8
DA:66,8
DA:69,11
DA:70,11
DA:72,11
DA:73,11
DA:77,14
DA:78,13
DA:79,1
DA:81,14
DA:85,14
DA:86,14
DA:87,14
DA:89,14
DA:90,157
DA:91,157
DA:92,157
DA:94,157
DA:95,26
DA:96,26
DA:97,26
DA:99,131
DA:102,14
DA:103,1
DA:104,13
DA:106,14
DA:123,1
LF:61
LH:61
BRDA:20,0,0,3
BRDA:20,0,1,36
BRDA:20,1,0,39
BRDA:20,1,1,38
BRDA:20,1,2,37
BRDA:23,2,0,2
BRDA:23,2,1,34
BRDA:23,3,0,36
BRDA:23,3,1,35
BRDA:28,4,0,20
BRDA:28,4,1,14
BRDA:29,5,0,2
BRDA:29,5,1,18
BRDA:42,6,0,44
BRDA:42,6,1,18
BRDA:43,7,0,26
BRDA:43,7,1,18
BRDA:46,8,0,4
BRDA:46,8,1,22
BRDA:54,9,0,47
BRDA:54,9,1,11
BRDA:61,10,0,39
BRDA:61,10,1,8
BRDA:94,11,0,26
BRDA:94,11,1,131
BRF:25
BRH:25
end_of_record
